<?xml version="1.0" encoding="UTF-8"?>
<!-- Generated by org.testng.reporters.JUnitReportReporter -->
<testsuite hostname="pkrvmjbmru5nbw0" failures="0" tests="20" name="org.example.testng.RegisterTest" time="97.640" errors="0" timestamp="2025-08-05T21:13:43 UTC" skipped="0">
  <testcase classname="org.example.testng.RegisterTest" name="testRegister" time="3.280"/>
  <testcase classname="org.example.testng.RegisterTest" name="testRegister" time="3.235"/>
  <testcase classname="org.example.testng.RegisterTest" name="testRegister" time="2.513"/>
  <testcase classname="org.example.testng.RegisterTest" name="testRegister" time="5.222"/>
  <testcase classname="org.example.testng.RegisterTest" name="testRegister" time="4.485"/>
  <testcase classname="org.example.testng.RegisterTest" name="testRegister" time="3.752"/>
  <testcase classname="org.example.testng.RegisterTest" name="testRegister" time="2.985"/>
  <testcase classname="org.example.testng.RegisterTest" name="testRegister" time="4.913"/>
  <testcase classname="org.example.testng.RegisterTest" name="testRegister" time="2.953"/>
  <testcase classname="org.example.testng.RegisterTest" name="testRegister" time="3.351"/>
  <testcase classname="org.example.testng.RegisterTest" name="testRegister" time="3.217"/>
  <testcase classname="org.example.testng.RegisterTest" name="testRegister" time="3.869"/>
  <testcase classname="org.example.testng.RegisterTest" name="testRegister" time="5.413"/>
  <testcase classname="org.example.testng.RegisterTest" name="testRegister" time="4.444"/>
  <testcase classname="org.example.testng.RegisterTest" name="testRegister" time="9.683"/>
  <testcase classname="org.example.testng.RegisterTest" name="testRegister" time="6.173"/>
  <testcase classname="org.example.testng.RegisterTest" name="testRegister" time="2.979"/>
  <testcase classname="org.example.testng.RegisterTest" name="testRegister" time="4.466"/>
  <testcase classname="org.example.testng.RegisterTest" name="testRegister" time="16.153"/>
  <testcase classname="org.example.testng.RegisterTest" name="testRegister" time="4.554"/>
</testsuite> <!-- org.example.testng.RegisterTest -->
