<?xml version="1.0" encoding="UTF-8"?>
<!-- Generated by org.testng.reporters.JUnitReportReporter -->
<testsuite hostname="pkrvmjbmru5nbw0" failures="0" tests="14" name="org.example.testng.LoginTest" time="74.802" errors="0" timestamp="2025-08-05T21:13:31 UTC" skipped="0">
  <testcase classname="org.example.testng.LoginTest" name="testLogin" time="3.116"/>
  <testcase classname="org.example.testng.LoginTest" name="testLogin" time="11.197"/>
  <testcase classname="org.example.testng.LoginTest" name="testLogin" time="5.704"/>
  <testcase classname="org.example.testng.LoginTest" name="testLogin" time="2.385"/>
  <testcase classname="org.example.testng.LoginTest" name="testLogin" time="3.641"/>
  <testcase classname="org.example.testng.LoginTest" name="testLogin" time="16.432"/>
  <testcase classname="org.example.testng.LoginTest" name="testLogin" time="2.567"/>
  <testcase classname="org.example.testng.LoginTest" name="testLogin" time="2.952"/>
  <testcase classname="org.example.testng.LoginTest" name="testLogin" time="5.381"/>
  <testcase classname="org.example.testng.LoginTest" name="testLogin" time="4.585"/>
  <testcase classname="org.example.testng.LoginTest" name="testLogin" time="4.928"/>
  <testcase classname="org.example.testng.LoginTest" name="testLogin" time="3.138"/>
  <testcase classname="org.example.testng.LoginTest" name="testLogin" time="4.645"/>
  <testcase classname="org.example.testng.LoginTest" name="testLogin" time="4.131"/>
</testsuite> <!-- org.example.testng.LoginTest -->
