<?xml version="1.0" encoding="UTF-8"?>
<testsuite xmlns:xsi="http://www.w3.org/2001/XMLSchema-instance" xsi:noNamespaceSchemaLocation="https://maven.apache.org/surefire/maven-surefire-plugin/xsd/surefire-test-report-3.0.xsd" version="3.0" name="TestSuite" time="55.516" tests="20" errors="0" skipped="0" failures="0">
  <properties>
[...]
</properties>
  <testcase name="[Nombre Apellido, someone@fakeadress.com, 123456, 123456, success, Registro exitoso](1)" classname="org.example.testng.RegisterTest" time="1.761">
    <system-err><![CDATA[[main] WARN org.testng.TestNG - Ignoring duplicate listener : io.qameta.allure.testng.AllureTestNg
[main] WARN org.testng.TestNG - Ignoring duplicate listener : io.qameta.allure.testng.AllureTestNg
[main] WARN org.testng.TestNG - Ignoring duplicate listener : io.qameta.allure.testng.AllureTestNg
[TestNG-tests-1] INFO io.github.bonigarcia.wdm.WebDriverManager - Using chromedriver 139.0.7258.154 (resolved driver for Chrome 139)
[TestNG-tests-2] INFO io.github.bonigarcia.wdm.WebDriverManager - Using geckodriver 0.36.0 (resolved driver for Firefox 142)
[TestNG-tests-2] INFO io.github.bonigarcia.wdm.WebDriverManager - Reading https://raw.githubusercontent.com/bonigarcia/webdrivermanager/master/docs/mirror/geckodriver to seek geckodriver
[TestNG-tests-2] INFO io.github.bonigarcia.wdm.online.Downloader - Downloading https://github.com/mozilla/geckodriver/releases/download/v0.36.0/geckodriver-v0.36.0-linux64.tar.gz
[TestNG-tests-1] INFO io.github.bonigarcia.wdm.online.Downloader - Downloading https://storage.googleapis.com/chrome-for-testing-public/139.0.7258.154/linux64/chromedriver-linux64.zip
[TestNG-tests-2] INFO io.github.bonigarcia.wdm.online.Downloader - Extracting driver from compressed file geckodriver-v0.36.0-linux64.tar.gz
[TestNG-tests-2] INFO io.github.bonigarcia.wdm.WebDriverManager - Exporting webdriver.gecko.driver as /home/runner/.cache/selenium/geckodriver/linux64/0.36.0/geckodriver
[TestNG-tests-1] INFO io.github.bonigarcia.wdm.online.Downloader - Extracting driver from compressed file chromedriver-linux64.zip
[TestNG-tests-1] INFO io.github.bonigarcia.wdm.WebDriverManager - Exporting webdriver.chrome.driver as /home/runner/.cache/selenium/chromedriver/linux64/139.0.7258.154/chromedriver
Sep 07, 2025 1:04:10 AM org.example.testng.RegisterTest setUp
INFO: Inicializando navegador con TestNG: firefox
Sep 07, 2025 1:04:12 AM org.openqa.selenium.devtools.CdpVersionFinder findNearestMatch
WARNING: Unable to find an exact match for CDP version 139, returning the closest version; found: 138; Please update to a Selenium version that supports CDP version 139
]]></system-err>
  </testcase>
  <testcase name="[Nombre Apellido, someone@fakeadress.com, 123456, 123456, success, Registro exitoso](1)" classname="org.example.testng.RegisterTest" time="2.622">
    <system-err><![CDATA[Sep 07, 2025 1:04:12 AM org.example.testng.RegisterTest cleanUpCreatedUsers
INFO: Eliminando usuarios creados durante las pruebas:
Sep 07, 2025 1:04:13 AM org.example.testng.RegisterTest deleteUser
INFO: Eliminando someone_firefox@fakeadress.com - Código de respuesta: 200
Sep 07, 2025 1:04:13 AM org.example.testng.RegisterTest setUp
INFO: Inicializando navegador con TestNG: chrome
[TestNG-tests-2] INFO io.github.bonigarcia.wdm.WebDriverManager - Using geckodriver 0.36.0 (resolved driver for Firefox 142)
[TestNG-tests-2] INFO io.github.bonigarcia.wdm.WebDriverManager - Exporting webdriver.gecko.driver as /home/runner/.cache/selenium/geckodriver/linux64/0.36.0/geckodriver
]]></system-err>
  </testcase>
  <testcase name="Register [someone@fakeadress.com - 123456] -&gt; success[Nombre Apellido, keberflores@gmail.com, 123456, 123456, error, Email ya registrado](2)" classname="org.example.testng.RegisterTest" time="0.652">
    <system-err><![CDATA[Sep 07, 2025 1:04:16 AM org.example.testng.RegisterTest cleanUpCreatedUsers
INFO: Eliminando usuarios creados durante las pruebas:
Sep 07, 2025 1:04:17 AM org.example.testng.RegisterTest deleteUser
INFO: Eliminando someone_chrome@fakeadress.com - Código de respuesta: 200
[TestNG-tests-1] INFO io.github.bonigarcia.wdm.WebDriverManager - Using chromedriver 139.0.7258.154 (resolved driver for Chrome 139)
[TestNG-tests-1] INFO io.github.bonigarcia.wdm.WebDriverManager - Exporting webdriver.chrome.driver as /home/runner/.cache/selenium/chromedriver/linux64/139.0.7258.154/chromedriver
Sep 07, 2025 1:04:17 AM org.openqa.selenium.devtools.CdpVersionFinder findNearestMatch
WARNING: Unable to find an exact match for CDP version 139, returning the closest version; found: 138; Please update to a Selenium version that supports CDP version 139
Sep 07, 2025 1:04:17 AM org.example.testng.RegisterTest setUp
INFO: Inicializando navegador con TestNG: firefox
Sep 07, 2025 1:04:18 AM org.example.testng.RegisterTest setUp
INFO: Inicializando navegador con TestNG: chrome
]]></system-err>
  </testcase>
  <testcase name="Register [someone@fakeadress.com - 123456] -&gt; success[Nombre Apellido, keberflores@gmail.com, 123456, 123456, error, Email ya registrado](2)" classname="org.example.testng.RegisterTest" time="1.324"/>
  <testcase name="Register [keberflores@gmail.com - 123456] -&gt; error[Nombre Apellido, someone@fakeadress.com, 123456, , error, Debe completar todos los campos obligatorios.](3)" classname="org.example.testng.RegisterTest" time="1.34">
    <system-err><![CDATA[[TestNG-tests-2] INFO io.github.bonigarcia.wdm.WebDriverManager - Using geckodriver 0.36.0 (resolved driver for Firefox 142)
[TestNG-tests-2] INFO io.github.bonigarcia.wdm.WebDriverManager - Exporting webdriver.gecko.driver as /home/runner/.cache/selenium/geckodriver/linux64/0.36.0/geckodriver
[TestNG-tests-1] INFO io.github.bonigarcia.wdm.WebDriverManager - Using chromedriver 139.0.7258.154 (resolved driver for Chrome 139)
[TestNG-tests-1] INFO io.github.bonigarcia.wdm.WebDriverManager - Exporting webdriver.chrome.driver as /home/runner/.cache/selenium/chromedriver/linux64/139.0.7258.154/chromedriver
Sep 07, 2025 1:04:20 AM org.openqa.selenium.devtools.CdpVersionFinder findNearestMatch
WARNING: Unable to find an exact match for CDP version 139, returning the closest version; found: 138; Please update to a Selenium version that supports CDP version 139
Sep 07, 2025 1:04:21 AM org.example.testng.RegisterTest setUp
INFO: Inicializando navegador con TestNG: chrome
]]></system-err>
  </testcase>
  <testcase name="Register [keberflores@gmail.com - 123456] -&gt; error[Nombre Apellido, someone@fakeadress.com, 123456, , error, Debe completar todos los campos obligatorios.](3)" classname="org.example.testng.RegisterTest" time="0.537">
    <system-err><![CDATA[[TestNG-tests-1] INFO io.github.bonigarcia.wdm.WebDriverManager - Using chromedriver 139.0.7258.154 (resolved driver for Chrome 139)
[TestNG-tests-1] INFO io.github.bonigarcia.wdm.WebDriverManager - Exporting webdriver.chrome.driver as /home/runner/.cache/selenium/chromedriver/linux64/139.0.7258.154/chromedriver
Sep 07, 2025 1:04:23 AM org.openqa.selenium.devtools.CdpVersionFinder findNearestMatch
WARNING: Unable to find an exact match for CDP version 139, returning the closest version; found: 138; Please update to a Selenium version that supports CDP version 139
Sep 07, 2025 1:04:23 AM org.example.testng.RegisterTest setUp
INFO: Inicializando navegador con TestNG: firefox
]]></system-err>
  </testcase>
  <testcase name="Register [someone@fakeadress.com - 123456] -&gt; error[Nombre Apellido, , 123456, 123456, error, Debe completar todos los campos obligatorios.](4)" classname="org.example.testng.RegisterTest" time="0.831">
    <system-err><![CDATA[Sep 07, 2025 1:04:24 AM org.example.testng.RegisterTest setUp
INFO: Inicializando navegador con TestNG: chrome
[TestNG-tests-2] INFO io.github.bonigarcia.wdm.WebDriverManager - Using geckodriver 0.36.0 (resolved driver for Firefox 142)
[TestNG-tests-2] INFO io.github.bonigarcia.wdm.WebDriverManager - Exporting webdriver.gecko.driver as /home/runner/.cache/selenium/geckodriver/linux64/0.36.0/geckodriver
]]></system-err>
  </testcase>
  <testcase name="Register [someone@fakeadress.com - 123456] -&gt; error[Nombre Apellido, , 123456, 123456, error, Debe completar todos los campos obligatorios.](4)" classname="org.example.testng.RegisterTest" time="0.661">
    <system-err><![CDATA[[TestNG-tests-1] INFO io.github.bonigarcia.wdm.WebDriverManager - Using chromedriver 139.0.7258.154 (resolved driver for Chrome 139)
[TestNG-tests-1] INFO io.github.bonigarcia.wdm.WebDriverManager - Exporting webdriver.chrome.driver as /home/runner/.cache/selenium/chromedriver/linux64/139.0.7258.154/chromedriver
Sep 07, 2025 1:04:29 AM org.openqa.selenium.devtools.CdpVersionFinder findNearestMatch
WARNING: Unable to find an exact match for CDP version 139, returning the closest version; found: 138; Please update to a Selenium version that supports CDP version 139
Sep 07, 2025 1:04:29 AM org.example.testng.RegisterTest setUp
INFO: Inicializando navegador con TestNG: firefox
]]></system-err>
  </testcase>
  <testcase name="Register [ - 123456] -&gt; error[, someone@fakeadress.com, 123456, 123456, error, Debe completar todos los campos obligatorios.](5)" classname="org.example.testng.RegisterTest" time="1.297">
    <system-err><![CDATA[[TestNG-tests-1] INFO io.github.bonigarcia.wdm.WebDriverManager - Using chromedriver 139.0.7258.154 (resolved driver for Chrome 139)
[TestNG-tests-1] INFO io.github.bonigarcia.wdm.WebDriverManager - Exporting webdriver.chrome.driver as /home/runner/.cache/selenium/chromedriver/linux64/139.0.7258.154/chromedriver
Sep 07, 2025 1:04:26 AM org.openqa.selenium.devtools.CdpVersionFinder findNearestMatch
WARNING: Unable to find an exact match for CDP version 139, returning the closest version; found: 138; Please update to a Selenium version that supports CDP version 139
Sep 07, 2025 1:04:27 AM org.example.testng.RegisterTest setUp
INFO: Inicializando navegador con TestNG: chrome
]]></system-err>
  </testcase>
  <testcase name="Register [ - 123456] -&gt; error[, someone@fakeadress.com, 123456, 123456, error, Debe completar todos los campos obligatorios.](5)" classname="org.example.testng.RegisterTest" time="0.427"/>
  <testcase name="Register [someone@fakeadress.com - 123456] -&gt; error[Nombre Apellido, someone@fakeadress.com, , 123456, error, Debe completar todos los campos obligatorios.](6)" classname="org.example.testng.RegisterTest" time="1.047">
    <system-err><![CDATA[Sep 07, 2025 1:04:30 AM org.example.testng.RegisterTest setUp
INFO: Inicializando navegador con TestNG: chrome
[TestNG-tests-2] INFO io.github.bonigarcia.wdm.WebDriverManager - Using geckodriver 0.36.0 (resolved driver for Firefox 142)
[TestNG-tests-2] INFO io.github.bonigarcia.wdm.WebDriverManager - Exporting webdriver.gecko.driver as /home/runner/.cache/selenium/geckodriver/linux64/0.36.0/geckodriver
]]></system-err>
  </testcase>
  <testcase name="Register [someone@fakeadress.com - 123456] -&gt; error[Nombre Apellido, someone@fakeadress.com, , 123456, error, Debe completar todos los campos obligatorios.](6)" classname="org.example.testng.RegisterTest" time="0.419">
    <system-err><![CDATA[[TestNG-tests-1] INFO io.github.bonigarcia.wdm.WebDriverManager - Using chromedriver 139.0.7258.154 (resolved driver for Chrome 139)
[TestNG-tests-1] INFO io.github.bonigarcia.wdm.WebDriverManager - Exporting webdriver.chrome.driver as /home/runner/.cache/selenium/chromedriver/linux64/139.0.7258.154/chromedriver
Sep 07, 2025 1:04:38 AM org.openqa.selenium.devtools.CdpVersionFinder findNearestMatch
WARNING: Unable to find an exact match for CDP version 139, returning the closest version; found: 138; Please update to a Selenium version that supports CDP version 139
Sep 07, 2025 1:04:38 AM org.example.testng.RegisterTest setUp
INFO: Inicializando navegador con TestNG: firefox
]]></system-err>
  </testcase>
  <testcase name="Register [someone@fakeadress.com - ] -&gt; error[Nombre Apellido, someone, 123456, 123456, error, value is not a valid email address: An email address must have an @-sign.](7)" classname="org.example.testng.RegisterTest" time="0.378">
    <system-err><![CDATA[[TestNG-tests-1] INFO io.github.bonigarcia.wdm.WebDriverManager - Using chromedriver 139.0.7258.154 (resolved driver for Chrome 139)
[TestNG-tests-1] INFO io.github.bonigarcia.wdm.WebDriverManager - Exporting webdriver.chrome.driver as /home/runner/.cache/selenium/chromedriver/linux64/139.0.7258.154/chromedriver
Sep 07, 2025 1:04:32 AM org.openqa.selenium.devtools.CdpVersionFinder findNearestMatch
WARNING: Unable to find an exact match for CDP version 139, returning the closest version; found: 138; Please update to a Selenium version that supports CDP version 139
Sep 07, 2025 1:04:33 AM org.example.testng.RegisterTest setUp
INFO: Inicializando navegador con TestNG: chrome
Sep 07, 2025 1:04:34 AM org.example.testng.RegisterTest setUp
INFO: Inicializando navegador con TestNG: firefox
]]></system-err>
  </testcase>
  <testcase name="Register [someone@fakeadress.com - ] -&gt; error[Nombre Apellido, someone, 123456, 123456, error, value is not a valid email address: An email address must have an @-sign.](7)" classname="org.example.testng.RegisterTest" time="0.942"/>
  <testcase name="Register [someone - 123456] -&gt; error[Nombre Apellido, someone@, 123456, 123456, error, value is not a valid email address: There must be something after the @-sign.](8)" classname="org.example.testng.RegisterTest" time="1.581">
    <system-err><![CDATA[[TestNG-tests-1] INFO io.github.bonigarcia.wdm.WebDriverManager - Using chromedriver 139.0.7258.154 (resolved driver for Chrome 139)
[TestNG-tests-1] INFO io.github.bonigarcia.wdm.WebDriverManager - Exporting webdriver.chrome.driver as /home/runner/.cache/selenium/chromedriver/linux64/139.0.7258.154/chromedriver
Sep 07, 2025 1:04:35 AM org.openqa.selenium.devtools.CdpVersionFinder findNearestMatch
WARNING: Unable to find an exact match for CDP version 139, returning the closest version; found: 138; Please update to a Selenium version that supports CDP version 139
[TestNG-tests-2] INFO io.github.bonigarcia.wdm.WebDriverManager - Using geckodriver 0.36.0 (resolved driver for Firefox 142)
[TestNG-tests-2] INFO io.github.bonigarcia.wdm.WebDriverManager - Exporting webdriver.gecko.driver as /home/runner/.cache/selenium/geckodriver/linux64/0.36.0/geckodriver
Sep 07, 2025 1:04:36 AM org.example.testng.RegisterTest setUp
INFO: Inicializando navegador con TestNG: chrome
]]></system-err>
  </testcase>
  <testcase name="Register [someone - 123456] -&gt; error[Nombre Apellido, someone@, 123456, 123456, error, value is not a valid email address: There must be something after the @-sign.](8)" classname="org.example.testng.RegisterTest" time="0.842">
    <system-err><![CDATA[[TestNG-tests-2] INFO io.github.bonigarcia.wdm.WebDriverManager - Using geckodriver 0.36.0 (resolved driver for Firefox 142)
[TestNG-tests-2] INFO io.github.bonigarcia.wdm.WebDriverManager - Exporting webdriver.gecko.driver as /home/runner/.cache/selenium/geckodriver/linux64/0.36.0/geckodriver
Sep 07, 2025 1:04:46 AM org.example.testng.RegisterTest setUp
INFO: Inicializando navegador con TestNG: firefox
]]></system-err>
  </testcase>
  <testcase name="Register [someone@ - 123456] -&gt; error[Nombre Apellido, someone@fakeadress, 123456, 123456, error, value is not a valid email address: The part after the @-sign is not valid. It should have a period.](9)" classname="org.example.testng.RegisterTest" time="1.53">
    <system-err><![CDATA[Sep 07, 2025 1:04:39 AM org.example.testng.RegisterTest setUp
INFO: Inicializando navegador con TestNG: chrome
[TestNG-tests-2] INFO io.github.bonigarcia.wdm.WebDriverManager - Using geckodriver 0.36.0 (resolved driver for Firefox 142)
[TestNG-tests-2] INFO io.github.bonigarcia.wdm.WebDriverManager - Exporting webdriver.gecko.driver as /home/runner/.cache/selenium/geckodriver/linux64/0.36.0/geckodriver
]]></system-err>
  </testcase>
  <testcase name="Register [someone@ - 123456] -&gt; error[Nombre Apellido, someone@fakeadress, 123456, 123456, error, value is not a valid email address: The part after the @-sign is not valid. It should have a period.](9)" classname="org.example.testng.RegisterTest" time="0.843">
    <system-err><![CDATA[[TestNG-tests-2] INFO io.github.bonigarcia.wdm.WebDriverManager - Using geckodriver 0.36.0 (resolved driver for Firefox 142)
[TestNG-tests-2] INFO io.github.bonigarcia.wdm.WebDriverManager - Exporting webdriver.gecko.driver as /home/runner/.cache/selenium/geckodriver/linux64/0.36.0/geckodriver
Sep 07, 2025 1:04:50 AM org.example.testng.RegisterTest setUp
INFO: Inicializando navegador con TestNG: firefox
]]></system-err>
  </testcase>
  <testcase name="Register [someone@fakeadress - 123456] -&gt; error[Nombre Apellido, someone@fakeadress., 123456, 123456, error, value is not a valid email address: An email address cannot end with a period.](10)" classname="org.example.testng.RegisterTest" time="0.519">
    <system-err><![CDATA[[TestNG-tests-1] INFO io.github.bonigarcia.wdm.WebDriverManager - Using chromedriver 139.0.7258.154 (resolved driver for Chrome 139)
[TestNG-tests-1] INFO io.github.bonigarcia.wdm.WebDriverManager - Exporting webdriver.chrome.driver as /home/runner/.cache/selenium/chromedriver/linux64/139.0.7258.154/chromedriver
Sep 07, 2025 1:04:41 AM org.openqa.selenium.devtools.CdpVersionFinder findNearestMatch
WARNING: Unable to find an exact match for CDP version 139, returning the closest version; found: 138; Please update to a Selenium version that supports CDP version 139
Sep 07, 2025 1:04:42 AM org.example.testng.RegisterTest setUp
INFO: Inicializando navegador con TestNG: chrome
Sep 07, 2025 1:04:43 AM org.example.testng.RegisterTest setUp
INFO: Inicializando navegador con TestNG: firefox
]]></system-err>
  </testcase>
  <testcase name="Register [someone@fakeadress - 123456] -&gt; error[Nombre Apellido, someone@fakeadress., 123456, 123456, error, value is not a valid email address: An email address cannot end with a period.](10)" classname="org.example.testng.RegisterTest" time="0.857">
    <system-err><![CDATA[[TestNG-tests-2] INFO io.github.bonigarcia.wdm.WebDriverManager - Using geckodriver 0.36.0 (resolved driver for Firefox 142)
[TestNG-tests-2] INFO io.github.bonigarcia.wdm.WebDriverManager - Exporting webdriver.gecko.driver as /home/runner/.cache/selenium/geckodriver/linux64/0.36.0/geckodriver
Sep 07, 2025 1:04:54 AM org.example.testng.RegisterTest setUp
INFO: Inicializando navegador con TestNG: firefox
]]></system-err>
  </testcase>
</testsuite>